2025-02-09 12:34:50 - GC Stats:
Heap Memory Usage: 0 MB / 6108 MB
Non-Heap Memory Usage: 2 MB / 0 MB
  GC Bean Name: G1 Young Generation
    Collection Count: 0
    Collection Time: 0 ms
  GC Bean Name: G1 Old Generation
    Collection Count: 0
    Collection Time: 0 ms
2025-02-09 12:34:55 - GC Stats:
Heap Memory Usage: 29 MB / 6108 MB
Non-Heap Memory Usage: 3 MB / 0 MB
  GC Bean Name: G1 Young Generation
    Collection Count: 1
    Collection Time: 47 ms
  GC Bean Name: G1 Old Generation
    Collection Count: 0
    Collection Time: 0 ms
2025-02-09 12:35:00 - GC Stats:
Heap Memory Usage: 29 MB / 6108 MB
Non-Heap Memory Usage: 3 MB / 0 MB
  GC Bean Name: G1 Young Generation
    Collection Count: 1
    Collection Time: 47 ms
  GC Bean Name: G1 Old Generation
    Collection Count: 0
    Collection Time: 0 ms
2025-02-09 12:35:05 - GC Stats:
Heap Memory Usage: 29 MB / 6108 MB
Non-Heap Memory Usage: 3 MB / 0 MB
  GC Bean Name: G1 Young Generation
    Collection Count: 1
    Collection Time: 47 ms
  GC Bean Name: G1 Old Generation
    Collection Count: 0
    Collection Time: 0 ms
2025-02-09 12:35:10 - GC Stats:
Heap Memory Usage: 29 MB / 6108 MB
Non-Heap Memory Usage: 3 MB / 0 MB
  GC Bean Name: G1 Young Generation
    Collection Count: 1
    Collection Time: 47 ms
  GC Bean Name: G1 Old Generation
    Collection Count: 0
    Collection Time: 0 ms
2025-02-09 12:35:15 - GC Stats:
Heap Memory Usage: 29 MB / 6108 MB
Non-Heap Memory Usage: 3 MB / 0 MB
  GC Bean Name: G1 Young Generation
    Collection Count: 1
    Collection Time: 47 ms
  GC Bean Name: G1 Old Generation
    Collection Count: 0
    Collection Time: 0 ms
2025-02-09 12:35:20 - GC Stats:
Heap Memory Usage: 29 MB / 6108 MB
Non-Heap Memory Usage: 3 MB / 0 MB
  GC Bean Name: G1 Young Generation
    Collection Count: 1
    Collection Time: 47 ms
  GC Bean Name: G1 Old Generation
    Collection Count: 0
    Collection Time: 0 ms
2025-02-09 12:35:25 - GC Stats:
Heap Memory Usage: 29 MB / 6108 MB
Non-Heap Memory Usage: 3 MB / 0 MB
  GC Bean Name: G1 Young Generation
    Collection Count: 1
    Collection Time: 47 ms
  GC Bean Name: G1 Old Generation
    Collection Count: 0
    Collection Time: 0 ms
2025-02-09 12:35:30 - GC Stats:
Heap Memory Usage: 29 MB / 6108 MB
Non-Heap Memory Usage: 3 MB / 0 MB
  GC Bean Name: G1 Young Generation
    Collection Count: 1
    Collection Time: 47 ms
  GC Bean Name: G1 Old Generation
    Collection Count: 0
    Collection Time: 0 ms
2025-02-09 12:35:35 - GC Stats:
Heap Memory Usage: 29 MB / 6108 MB
Non-Heap Memory Usage: 3 MB / 0 MB
  GC Bean Name: G1 Young Generation
    Collection Count: 1
    Collection Time: 47 ms
  GC Bean Name: G1 Old Generation
    Collection Count: 0
    Collection Time: 0 ms
2025-02-09 12:35:40 - GC Stats:
Heap Memory Usage: 29 MB / 6108 MB
Non-Heap Memory Usage: 3 MB / 0 MB
  GC Bean Name: G1 Young Generation
    Collection Count: 1
    Collection Time: 47 ms
  GC Bean Name: G1 Old Generation
    Collection Count: 0
    Collection Time: 0 ms
2025-02-09 12:35:45 - GC Stats:
Heap Memory Usage: 29 MB / 6108 MB
Non-Heap Memory Usage: 3 MB / 0 MB
  GC Bean Name: G1 Young Generation
    Collection Count: 1
    Collection Time: 47 ms
  GC Bean Name: G1 Old Generation
    Collection Count: 0
    Collection Time: 0 ms
2025-02-09 12:35:50 - GC Stats:
Heap Memory Usage: 29 MB / 6108 MB
Non-Heap Memory Usage: 3 MB / 0 MB
  GC Bean Name: G1 Young Generation
    Collection Count: 1
    Collection Time: 47 ms
  GC Bean Name: G1 Old Generation
    Collection Count: 0
    Collection Time: 0 ms
